<?xml version="1.0" encoding="UTF-8"?>
<!-- Generated by org.testng.reporters.JUnitReportReporter -->
<testsuite hostname="DESKTOP-FUG0H6V" failures="0" tests="1" name="InstallLaunchAndUnInstallApiAppInRealDevice.InstallApiDemosApp" time="16.311" errors="0" timestamp="2022-08-18T10:39:15 IST" skipped="0">
  <testcase classname="InstallLaunchAndUnInstallApiAppInRealDevice.InstallApiDemosApp" name="launchApp" time="16.311"/>
  <system-out/>
</testsuite> <!-- InstallLaunchAndUnInstallApiAppInRealDevice.InstallApiDemosApp -->
