<?xml version="1.0" encoding="UTF-8"?>
<!-- Generated by org.testng.reporters.JUnitReportReporter -->
<testsuite hostname="DESKTOP-FUG0H6V" failures="0" tests="1" name="AppiumPractice.AppSwitch" time="20.520" errors="0" timestamp="2022-09-12T20:21:13 IST" skipped="0">
  <testcase classname="AppiumPractice.AppSwitch" name="connection" time="20.520"/>
  <system-out/>
</testsuite> <!-- AppiumPractice.AppSwitch -->
