<?xml version="1.0" encoding="UTF-8"?>
<!-- Generated by org.testng.reporters.JUnitReportReporter -->
<testsuite hostname="DESKTOP-FUG0H6V" failures="0" tests="1" name="JAVAprograms.Interview" time="5.053" errors="0" timestamp="2022-09-30T11:52:52 IST" skipped="0">
  <testcase classname="JAVAprograms.Interview" name="javaCode" time="5.053"/>
  <system-out/>
</testsuite> <!-- JAVAprograms.Interview -->
