<?xml version="1.0" encoding="UTF-8"?>
<!-- Generated by org.testng.reporters.JUnitReportReporter -->
<testsuite hostname="DESKTOP-FUG0H6V" failures="0" tests="1" name="InstallLaunchAndUnInstallApiAppInRealDevice.UnInstallApiDemos" time="13.913" errors="0" timestamp="2022-08-17T19:53:48 IST" skipped="0">
  <testcase classname="InstallLaunchAndUnInstallApiAppInRealDevice.UnInstallApiDemos" name="launchApp" time="13.913"/>
  <system-out/>
</testsuite> <!-- InstallLaunchAndUnInstallApiAppInRealDevice.UnInstallApiDemos -->
