<?xml version="1.0" encoding="UTF-8"?>
<!-- Generated by org.testng.reporters.JUnitReportReporter -->
<testsuite hostname="DESKTOP-FUG0H6V" failures="0" tests="1" name="InstallLaunchAndUnInstallGeneralStoreAppInRealDevice.UnInstallApiDemos" time="13.663" errors="0" timestamp="2022-08-17T20:02:18 IST" skipped="0">
  <testcase classname="InstallLaunchAndUnInstallGeneralStoreAppInRealDevice.UnInstallApiDemos" name="launchApp" time="13.663"/>
  <system-out/>
</testsuite> <!-- InstallLaunchAndUnInstallGeneralStoreAppInRealDevice.UnInstallApiDemos -->
