<?xml version="1.0" encoding="UTF-8"?>
<!-- Generated by org.testng.reporters.JUnitReportReporter -->
<testsuite hostname="DESKTOP-FUG0H6V" failures="0" tests="1" name="InstallLaunchAndUnInstallGeneralStoreAppInRealDevice.InstallGeneralStoreApp" time="32.472" errors="0" timestamp="2022-08-19T10:53:27 IST" skipped="0">
  <testcase classname="InstallLaunchAndUnInstallGeneralStoreAppInRealDevice.InstallGeneralStoreApp" name="launchApp" time="32.472"/>
  <system-out/>
</testsuite> <!-- InstallLaunchAndUnInstallGeneralStoreAppInRealDevice.InstallGeneralStoreApp -->
