<?xml version="1.0" encoding="UTF-8"?>
<!-- Generated by org.testng.reporters.JUnitReportReporter -->
<testsuite hostname="DESKTOP-FUG0H6V" failures="0" tests="2" name="AppiumPractice.ParallelExecution" time="46.724" errors="0" timestamp="2022-08-19T11:08:20 IST" skipped="0">
  <testcase classname="AppiumPractice.ParallelExecution" name="GeneralStore" time="26.443"/>
  <system-out/>
  <testcase classname="AppiumPractice.ParallelExecution" name="GeneralStore" time="20.281"/>
  <system-out/>
</testsuite> <!-- AppiumPractice.ParallelExecution -->
