<?xml version="1.0" encoding="UTF-8"?>
<!-- Generated by org.testng.reporters.JUnitReportReporter -->
<testsuite hostname="DESKTOP-FUG0H6V" failures="0" tests="1" name="Launch.UnInstallApp" time="11.356" errors="0" timestamp="2022-08-17T18:34:16 IST" skipped="0">
  <testcase classname="Launch.UnInstallApp" name="unInstallApp" time="11.356"/>
  <system-out/>
</testsuite> <!-- Launch.UnInstallApp -->
