<?xml version="1.0" encoding="UTF-8"?>
<!-- Generated by org.testng.reporters.JUnitReportReporter -->
<testsuite hostname="DESKTOP-FUG0H6V" failures="0" tests="1" name="InstallLaunchAndUnInstallApiApp.InstallApiDemosApp" time="16.956" errors="0" timestamp="2022-08-18T10:37:51 IST" skipped="0">
  <testcase classname="InstallLaunchAndUnInstallApiApp.InstallApiDemosApp" name="launchApp" time="16.956"/>
  <system-out/>
</testsuite> <!-- InstallLaunchAndUnInstallApiApp.InstallApiDemosApp -->
