<?xml version="1.0" encoding="UTF-8"?>
<!-- Generated by org.testng.reporters.JUnitReportReporter -->
<testsuite hostname="DESKTOP-FUG0H6V" failures="0" tests="1" name="InstallLaunchAndUnInstallApiApp.UnInstallApiDemos" time="12.861" errors="0" timestamp="2022-08-17T19:40:46 IST" skipped="0">
  <testcase classname="InstallLaunchAndUnInstallApiApp.UnInstallApiDemos" name="launchApp" time="12.861"/>
  <system-out/>
</testsuite> <!-- InstallLaunchAndUnInstallApiApp.UnInstallApiDemos -->
