<?xml version="1.0" encoding="UTF-8"?>
<!-- Generated by org.testng.reporters.JUnitReportReporter -->
<testsuite hostname="DESKTOP-FUG0H6V" failures="0" tests="1" name="AppiumPractice.DragAndDrop" time="25.018" errors="0" timestamp="2022-09-13T16:02:42 IST" skipped="0">
  <testcase classname="AppiumPractice.DragAndDrop" name="connection" time="25.018"/>
  <system-out/>
</testsuite> <!-- AppiumPractice.DragAndDrop -->
