<?xml version="1.0" encoding="UTF-8"?>
<!-- Generated by org.testng.reporters.JUnitReportReporter -->
<testsuite hostname="DESKTOP-FUG0H6V" failures="0" tests="1" name="AppiumPractice.RunAppInBackground" time="29.002" errors="0" timestamp="2022-08-18T14:26:15 IST" skipped="0">
  <testcase classname="AppiumPractice.RunAppInBackground" name="connection" time="29.002"/>
  <system-out/>
</testsuite> <!-- AppiumPractice.RunAppInBackground -->
