<?xml version="1.0" encoding="UTF-8"?>
<!-- Generated by org.testng.reporters.JUnitReportReporter -->
<testsuite hostname="DESKTOP-FUG0H6V" failures="0" tests="1" name="Launch.InstallLaunchAndUnInstallTouchScreenApp" time="28.137" errors="0" timestamp="2022-08-17T19:06:18 IST" skipped="0">
  <testcase classname="Launch.InstallLaunchAndUnInstallTouchScreenApp" name="launchApp" time="28.137"/>
  <system-out/>
</testsuite> <!-- Launch.InstallLaunchAndUnInstallTouchScreenApp -->
