<?xml version="1.0" encoding="UTF-8"?>
<!-- Generated by org.testng.reporters.JUnitReportReporter -->
<testsuite hostname="DESKTOP-FUG0H6V" failures="0" tests="1" name="JAVAprograms.JavaProgram" time="0.020" errors="0" timestamp="2022-09-01T10:21:49 IST" skipped="0">
  <testcase classname="JAVAprograms.JavaProgram" name="removeSpace" time="0.020"/>
  <system-out/>
</testsuite> <!-- JAVAprograms.JavaProgram -->
