<?xml version="1.0" encoding="UTF-8"?>
<!-- Generated by org.testng.reporters.JUnitReportReporter -->
<testsuite hostname="DESKTOP-FUG0H6V" failures="0" tests="1" name="AppiumPractice.NetworkConnection" time="12.528" errors="0" timestamp="2022-09-13T10:16:36 IST" skipped="0">
  <testcase classname="AppiumPractice.NetworkConnection" name="connection" time="12.528"/>
  <system-out/>
</testsuite> <!-- AppiumPractice.NetworkConnection -->
