<?xml version="1.0" encoding="UTF-8"?>
<!-- Generated by org.testng.reporters.JUnitReportReporter -->
<testsuite hostname="DESKTOP-FUG0H6V" failures="0" tests="1" name="InstallLaunchAndUnInstallGeneralStoreAppInRealDevice.LaunchApiDemos" time="12.910" errors="0" timestamp="2022-08-17T20:01:30 IST" skipped="0">
  <testcase classname="InstallLaunchAndUnInstallGeneralStoreAppInRealDevice.LaunchApiDemos" name="launchApp" time="12.910"/>
  <system-out/>
</testsuite> <!-- InstallLaunchAndUnInstallGeneralStoreAppInRealDevice.LaunchApiDemos -->
