<?xml version="1.0" encoding="UTF-8"?>
<!-- Generated by org.testng.reporters.JUnitReportReporter -->
<testsuite hostname="DESKTOP-FUG0H6V" failures="0" tests="1" name="AppiumPractice2.BigBasket2" time="101.810" errors="0" timestamp="2022-08-24T16:42:09 IST" skipped="0">
  <testcase classname="AppiumPractice2.BigBasket2" name="bigBasket" time="101.810"/>
  <system-out/>
</testsuite> <!-- AppiumPractice2.BigBasket2 -->
