<?xml version="1.0" encoding="UTF-8"?>
<!-- Generated by org.testng.reporters.JUnitReportReporter -->
<testsuite hostname="DESKTOP-FUG0H6V" failures="0" tests="1" name="JAVAprograms.ArrayPrograms" time="0.011" errors="0" timestamp="2022-09-29T16:47:26 IST" skipped="0">
  <testcase classname="JAVAprograms.ArrayPrograms" name="ascendingarray" time="0.011"/>
  <system-out/>
</testsuite> <!-- JAVAprograms.ArrayPrograms -->
