<?xml version="1.0" encoding="UTF-8"?>
<!-- Generated by org.testng.reporters.JUnitReportReporter -->
<testsuite hostname="DESKTOP-FUG0H6V" failures="0" tests="1" name="AppiumPractice.AppMethods" time="26.963" errors="0" timestamp="2022-08-19T10:06:51 IST" skipped="0">
  <testcase classname="AppiumPractice.AppMethods" name="appMethods" time="26.963"/>
  <system-out/>
</testsuite> <!-- AppiumPractice.AppMethods -->
