<?xml version="1.0" encoding="UTF-8"?>
<!-- Generated by org.testng.reporters.JUnitReportReporter -->
<testsuite hostname="DESKTOP-FUG0H6V" failures="0" tests="1" name="AppiumPractice.ToastMessage" time="0.047" errors="0" timestamp="2022-09-29T17:56:34 IST" skipped="0">
  <testcase classname="AppiumPractice.ToastMessage" name="tostms" time="0.047"/>
  <system-out/>
</testsuite> <!-- AppiumPractice.ToastMessage -->
