<?xml version="1.0" encoding="UTF-8"?>
<!-- Generated by org.testng.reporters.JUnitReportReporter -->
<testsuite hostname="DESKTOP-FUG0H6V" failures="0" tests="1" name="JAVAprograms.FlipkartSortPrice" time="10.330" errors="0" timestamp="2022-09-13T09:55:34 IST" skipped="0">
  <testcase classname="JAVAprograms.FlipkartSortPrice" name="flipkartSortPrices" time="10.330"/>
  <system-out/>
</testsuite> <!-- JAVAprograms.FlipkartSortPrice -->
