<?xml version="1.0" encoding="UTF-8"?>
<!-- Generated by org.testng.reporters.JUnitReportReporter -->
<testsuite hostname="DESKTOP-FUG0H6V" failures="0" tests="1" name="AppiumPractice2.ZoomInZoomOut" time="26.899" errors="0" timestamp="2022-08-20T10:58:25 IST" skipped="0">
  <testcase classname="AppiumPractice2.ZoomInZoomOut" name="zoomfunction" time="26.899"/>
  <system-out/>
</testsuite> <!-- AppiumPractice2.ZoomInZoomOut -->
