<?xml version="1.0" encoding="UTF-8"?>
<!-- Generated by org.testng.reporters.JUnitReportReporter -->
<testsuite hostname="DESKTOP-FUG0H6V" failures="0" tests="1" name="JAVAprograms.StringPrograms" time="0.012" errors="0" timestamp="2022-10-09T20:12:49 IST" skipped="0">
  <testcase classname="JAVAprograms.StringPrograms" name="printMultipleOf5AsHi" time="0.012"/>
  <system-out/>
</testsuite> <!-- JAVAprograms.StringPrograms -->
