<?xml version="1.0" encoding="UTF-8"?>
<!-- Generated by org.testng.reporters.JUnitReportReporter -->
<testsuite hostname="DESKTOP-FUG0H6V" failures="0" tests="1" name="AppInEmulator.InstallLaunchAndUnInstallApiApp" time="27.192" errors="0" timestamp="2022-08-17T19:11:31 IST" skipped="0">
  <testcase classname="AppInEmulator.InstallLaunchAndUnInstallApiApp" name="launchApp" time="27.192"/>
  <system-out/>
</testsuite> <!-- AppInEmulator.InstallLaunchAndUnInstallApiApp -->
