<?xml version="1.0" encoding="UTF-8"?>
<!-- Generated by org.testng.reporters.JUnitReportReporter -->
<testsuite hostname="DESKTOP-FUG0H6V" failures="0" tests="1" name="AppiumPractice2.Meesho" time="134.373" errors="0" timestamp="2022-08-25T10:12:23 IST" skipped="0">
  <testcase classname="AppiumPractice2.Meesho" name="meesho" time="134.373"/>
  <system-out/>
</testsuite> <!-- AppiumPractice2.Meesho -->
