<?xml version="1.0" encoding="UTF-8"?>
<!-- Generated by org.testng.reporters.JUnitReportReporter -->
<testsuite hostname="DESKTOP-FUG0H6V" failures="0" tests="3" name="AppiumPractice.AppiumClick" time="103.858" errors="0" timestamp="2022-10-06T11:29:14 IST" skipped="0">
  <testcase classname="AppiumPractice.AppiumClick" name="ApiDemos" time="26.136"/>
  <system-out/>
  <testcase classname="AppiumPractice.AppiumClick" name="ApiDemos" time="33.176"/>
  <system-out/>
  <testcase classname="AppiumPractice.AppiumClick" name="ApiDemos" time="44.546"/>
  <system-out/>
</testsuite> <!-- AppiumPractice.AppiumClick -->
