<?xml version="1.0" encoding="UTF-8"?>
<!-- Generated by org.testng.reporters.JUnitReportReporter -->
<testsuite hostname="DESKTOP-FUG0H6V" failures="0" tests="1" name="AppiumPractice.SwipeInGenralStore" time="27.277" errors="0" timestamp="2022-08-18T22:55:04 IST" skipped="0">
  <testcase classname="AppiumPractice.SwipeInGenralStore" name="GeneralStore" time="27.277"/>
  <system-out/>
</testsuite> <!-- AppiumPractice.SwipeInGenralStore -->
