<?xml version="1.0" encoding="UTF-8"?>
<!-- Generated by org.testng.reporters.JUnitReportReporter -->
<testsuite hostname="DESKTOP-FUG0H6V" failures="0" tests="1" name="AppiumPractice3.Meesho2" time="44.564" errors="0" timestamp="2022-08-22T23:53:12 IST" skipped="0">
  <testcase classname="AppiumPractice3.Meesho2" name="meesho" time="44.564"/>
  <system-out/>
</testsuite> <!-- AppiumPractice3.Meesho2 -->
