<?xml version="1.0" encoding="UTF-8"?>
<!-- Generated by org.testng.reporters.JUnitReportReporter -->
<testsuite hostname="DESKTOP-FUG0H6V" failures="0" tests="1" name="AppiumPractice.BigBasket" time="32.268" errors="0" timestamp="2022-08-21T09:57:13 IST" skipped="0">
  <testcase classname="AppiumPractice.BigBasket" name="bigBasket" time="32.268"/>
  <system-out/>
</testsuite> <!-- AppiumPractice.BigBasket -->
