<?xml version="1.0" encoding="UTF-8"?>
<!-- Generated by org.testng.reporters.JUnitReportReporter -->
<testsuite hostname="DESKTOP-FUG0H6V" failures="0" tests="1" name="JAVAprograms.AppiumPractice" time="0.011" errors="0" timestamp="2022-10-03T16:55:34 IST" skipped="0">
  <testcase classname="JAVAprograms.AppiumPractice" name="arra" time="0.011"/>
  <system-out/>
</testsuite> <!-- JAVAprograms.AppiumPractice -->
