<?xml version="1.0" encoding="UTF-8"?>
<!-- Generated by org.testng.reporters.JUnitReportReporter -->
<testsuite hostname="DESKTOP-FUG0H6V" failures="0" tests="1" name="AppiumPractice2.ScrollGeneralStore" time="57.210" errors="0" timestamp="2022-08-19T15:29:27 IST" skipped="0">
  <testcase classname="AppiumPractice2.ScrollGeneralStore" name="GeneralStore" time="57.210"/>
  <system-out/>
</testsuite> <!-- AppiumPractice2.ScrollGeneralStore -->
