<?xml version="1.0" encoding="UTF-8"?>
<!-- Generated by org.testng.reporters.JUnitReportReporter -->
<testsuite hostname="DESKTOP-FUG0H6V" failures="0" tests="1" name="AppiumPractice2.NotificationHandle" time="25.012" errors="0" timestamp="2022-08-20T12:47:52 IST" skipped="0">
  <testcase classname="AppiumPractice2.NotificationHandle" name="launchApp" time="25.012"/>
  <system-out/>
</testsuite> <!-- AppiumPractice2.NotificationHandle -->
