<?xml version="1.0" encoding="UTF-8"?>
<!-- Generated by org.testng.reporters.JUnitReportReporter -->
<testsuite hostname="DESKTOP-FUG0H6V" failures="0" tests="1" name="Launch.LaunchApp" time="27.618" errors="0" timestamp="2022-08-17T18:35:59 IST" skipped="0">
  <testcase classname="Launch.LaunchApp" name="launchApp" time="27.618"/>
  <system-out/>
</testsuite> <!-- Launch.LaunchApp -->
