<?xml version="1.0" encoding="UTF-8"?>
<!-- Generated by org.testng.reporters.JUnitReportReporter -->
<testsuite hostname="DESKTOP-FUG0H6V" failures="0" tests="1" name="AppInEmulator.InstallLaunchAndUnInstallGeneralStApp" time="27.737" errors="0" timestamp="2022-08-17T19:19:28 IST" skipped="0">
  <testcase classname="AppInEmulator.InstallLaunchAndUnInstallGeneralStApp" name="launchApp" time="27.737"/>
  <system-out/>
</testsuite> <!-- AppInEmulator.InstallLaunchAndUnInstallGeneralStApp -->
