<?xml version="1.0" encoding="UTF-8"?>
<!-- Generated by org.testng.reporters.JUnitReportReporter -->
<testsuite hostname="DESKTOP-FUG0H6V" failures="0" tests="1" name="AppiumPractice3.Bigbasket3" time="62.301" errors="0" timestamp="2022-08-23T09:51:38 IST" skipped="0">
  <testcase classname="AppiumPractice3.Bigbasket3" name="meesho" time="62.301"/>
  <system-out/>
</testsuite> <!-- AppiumPractice3.Bigbasket3 -->
