<?xml version="1.0" encoding="UTF-8"?>
<!-- Generated by org.testng.reporters.JUnitReportReporter -->
<testsuite hostname="DESKTOP-FUG0H6V" failures="0" tests="1" name="AppiumPractice.Connection" time="19.356" errors="0" timestamp="2022-08-18T14:24:10 IST" skipped="0">
  <testcase classname="AppiumPractice.Connection" name="connection" time="19.356"/>
  <system-out/>
</testsuite> <!-- AppiumPractice.Connection -->
