<?xml version="1.0" encoding="UTF-8"?>
<!-- Generated by org.testng.reporters.JUnitReportReporter -->
<testsuite hostname="DESKTOP-FUG0H6V" failures="0" tests="1" name="InstallLaunchAndUnInstallApiAppInRealDevice.LaunchApiDemos" time="13.332" errors="0" timestamp="2022-08-17T19:52:15 IST" skipped="0">
  <testcase classname="InstallLaunchAndUnInstallApiAppInRealDevice.LaunchApiDemos" name="launchApp" time="13.332"/>
  <system-out/>
</testsuite> <!-- InstallLaunchAndUnInstallApiAppInRealDevice.LaunchApiDemos -->
