<?xml version="1.0" encoding="UTF-8"?>
<!-- Generated by org.testng.reporters.JUnitReportReporter -->
<testsuite hostname="DESKTOP-FUG0H6V" failures="0" tests="1" name="AppiumPractice.ScreenOrientation" time="21.583" errors="0" timestamp="2022-08-18T14:29:15 IST" skipped="0">
  <testcase classname="AppiumPractice.ScreenOrientation" name="connection" time="21.583"/>
  <system-out/>
</testsuite> <!-- AppiumPractice.ScreenOrientation -->
