<?xml version="1.0" encoding="UTF-8"?>
<!-- Generated by org.testng.reporters.JUnitReportReporter -->
<testsuite hostname="DESKTOP-FUG0H6V" failures="0" tests="1" name="Launch.InstallLaunchAndUnInstallGeneralStApp" time="28.964" errors="0" timestamp="2022-08-17T18:57:21 IST" skipped="0">
  <testcase classname="Launch.InstallLaunchAndUnInstallGeneralStApp" name="launchApp" time="28.964"/>
  <system-out/>
</testsuite> <!-- Launch.InstallLaunchAndUnInstallGeneralStApp -->
