<?xml version="1.0" encoding="UTF-8"?>
<!-- Generated by org.testng.reporters.JUnitReportReporter -->
<testsuite hostname="DESKTOP-FUG0H6V" failures="0" tests="1" name="JAVAprograms.JavaPractice" time="0.012" errors="0" timestamp="2022-10-01T14:50:14 IST" skipped="0">
  <testcase classname="JAVAprograms.JavaPractice" name="charaterprint" time="0.012"/>
  <system-out/>
</testsuite> <!-- JAVAprograms.JavaPractice -->
