<?xml version="1.0" encoding="UTF-8"?>
<!-- Generated by org.testng.reporters.JUnitReportReporter -->
<testsuite hostname="DESKTOP-FUG0H6V" failures="0" tests="1" name="AppiumPractice2.ControlKeyActions" time="21.539" errors="0" timestamp="2022-08-20T12:18:56 IST" skipped="0">
  <testcase classname="AppiumPractice2.ControlKeyActions" name="GeneralStore" time="21.539"/>
  <system-out/>
</testsuite> <!-- AppiumPractice2.ControlKeyActions -->
