<?xml version="1.0" encoding="UTF-8"?>
<!-- Generated by org.testng.reporters.JUnitReportReporter -->
<testsuite hostname="DESKTOP-FUG0H6V" failures="0" tests="1" name="AppiumPractice2.Logintest" time="18.105" errors="0" timestamp="2022-08-20T11:47:28 IST" skipped="0">
  <testcase classname="AppiumPractice2.Logintest" name="login" time="18.105"/>
  <system-out/>
</testsuite> <!-- AppiumPractice2.Logintest -->
